mode: atomic
github.com/cotai/tenant-manager/internal/app/config.go:42.51,47.2 1 0
github.com/cotai/tenant-manager/internal/app/config.go:77.36,121.19 34 0
github.com/cotai/tenant-manager/internal/app/config.go:121.19,123.3 1 0
github.com/cotai/tenant-manager/internal/app/config.go:124.2,141.20 15 0
github.com/cotai/tenant-manager/cmd/server/main.go:14.13,17.16 2 0
github.com/cotai/tenant-manager/cmd/server/main.go:17.16,20.3 2 0
github.com/cotai/tenant-manager/cmd/server/main.go:23.2,24.16 2 0
github.com/cotai/tenant-manager/cmd/server/main.go:24.16,27.3 2 0
github.com/cotai/tenant-manager/cmd/server/main.go:28.2,43.48 3 0
github.com/cotai/tenant-manager/internal/infrastructure/observability/logger.go:8.66,11.25 2 0
github.com/cotai/tenant-manager/internal/infrastructure/observability/logger.go:11.25,13.3 1 0
github.com/cotai/tenant-manager/internal/infrastructure/observability/logger.go:13.8,15.3 1 0
github.com/cotai/tenant-manager/internal/infrastructure/observability/logger.go:18.2,19.16 2 0
github.com/cotai/tenant-manager/internal/infrastructure/observability/logger.go:19.16,21.3 1 0
github.com/cotai/tenant-manager/internal/infrastructure/observability/logger.go:22.2,25.25 2 0
github.com/cotai/tenant-manager/internal/infrastructure/observability/logger.go:25.25,27.3 1 0
github.com/cotai/tenant-manager/internal/infrastructure/observability/logger.go:29.2,29.20 1 0
github.com/cotai/tenant-manager/internal/infrastructure/observability/logger.go:33.33,35.2 1 0
github.com/cotai/tenant-manager/internal/domain/errors.go:41.38,43.2 1 0
github.com/cotai/tenant-manager/internal/domain/errors.go:46.43,48.2 1 0
github.com/cotai/tenant-manager/internal/domain/errors.go:51.40,61.2 1 0
github.com/cotai/tenant-manager/internal/domain/repository.go:49.34,50.17 1 0
github.com/cotai/tenant-manager/internal/domain/repository.go:50.17,52.3 1 0
github.com/cotai/tenant-manager/internal/domain/repository.go:53.2,53.33 1 0
github.com/cotai/tenant-manager/internal/domain/repository.go:57.33,58.20 1 0
github.com/cotai/tenant-manager/internal/domain/repository.go:58.20,60.3 1 0
github.com/cotai/tenant-manager/internal/domain/repository.go:61.2,61.21 1 0
github.com/cotai/tenant-manager/internal/domain/repository.go:61.21,63.3 1 0
github.com/cotai/tenant-manager/internal/domain/repository.go:64.2,64.18 1 0
github.com/cotai/tenant-manager/internal/domain/tenant.go:23.38,24.11 1 6
github.com/cotai/tenant-manager/internal/domain/tenant.go:25.88,26.14 1 5
github.com/cotai/tenant-manager/internal/domain/tenant.go:27.10,28.15 1 1
github.com/cotai/tenant-manager/internal/domain/tenant.go:43.34,44.11 1 13
github.com/cotai/tenant-manager/internal/domain/tenant.go:45.61,46.14 1 12
github.com/cotai/tenant-manager/internal/domain/tenant.go:47.10,48.15 1 1
github.com/cotai/tenant-manager/internal/domain/tenant.go:94.81,95.49 1 9
github.com/cotai/tenant-manager/internal/domain/tenant.go:95.49,97.3 1 1
github.com/cotai/tenant-manager/internal/domain/tenant.go:99.2,99.49 1 8
github.com/cotai/tenant-manager/internal/domain/tenant.go:99.49,101.3 1 2
github.com/cotai/tenant-manager/internal/domain/tenant.go:103.2,103.21 1 6
github.com/cotai/tenant-manager/internal/domain/tenant.go:103.21,105.3 1 0
github.com/cotai/tenant-manager/internal/domain/tenant.go:107.2,107.45 1 6
github.com/cotai/tenant-manager/internal/domain/tenant.go:107.45,109.3 1 1
github.com/cotai/tenant-manager/internal/domain/tenant.go:111.2,131.8 3 5
github.com/cotai/tenant-manager/internal/domain/tenant.go:136.50,139.2 2 6
github.com/cotai/tenant-manager/internal/domain/tenant.go:144.35,145.31 1 4
github.com/cotai/tenant-manager/internal/domain/tenant.go:145.31,147.3 1 0
github.com/cotai/tenant-manager/internal/domain/tenant.go:149.2,149.30 1 4
github.com/cotai/tenant-manager/internal/domain/tenant.go:149.30,151.3 1 1
github.com/cotai/tenant-manager/internal/domain/tenant.go:153.2,158.12 5 3
github.com/cotai/tenant-manager/internal/domain/tenant.go:162.47,163.31 1 2
github.com/cotai/tenant-manager/internal/domain/tenant.go:163.31,165.3 1 0
github.com/cotai/tenant-manager/internal/domain/tenant.go:167.2,167.33 1 2
github.com/cotai/tenant-manager/internal/domain/tenant.go:167.33,169.3 1 1
github.com/cotai/tenant-manager/internal/domain/tenant.go:171.2,177.23 5 1
github.com/cotai/tenant-manager/internal/domain/tenant.go:177.23,179.3 1 0
github.com/cotai/tenant-manager/internal/domain/tenant.go:180.2,182.12 2 1
github.com/cotai/tenant-manager/internal/domain/tenant.go:186.33,187.31 1 2
github.com/cotai/tenant-manager/internal/domain/tenant.go:187.31,189.3 1 1
github.com/cotai/tenant-manager/internal/domain/tenant.go:191.2,196.12 5 1
github.com/cotai/tenant-manager/internal/domain/tenant.go:200.48,201.49 1 0
github.com/cotai/tenant-manager/internal/domain/tenant.go:201.49,203.3 1 0
github.com/cotai/tenant-manager/internal/domain/tenant.go:205.2,208.12 3 0
github.com/cotai/tenant-manager/internal/domain/tenant.go:212.57,213.45 1 0
github.com/cotai/tenant-manager/internal/domain/tenant.go:213.45,215.3 1 0
github.com/cotai/tenant-manager/internal/domain/tenant.go:217.2,220.12 3 0
github.com/cotai/tenant-manager/internal/domain/tenant.go:224.53,225.24 1 2
github.com/cotai/tenant-manager/internal/domain/tenant.go:225.24,227.3 1 0
github.com/cotai/tenant-manager/internal/domain/tenant.go:229.2,229.27 1 2
github.com/cotai/tenant-manager/internal/domain/tenant.go:229.27,231.3 1 1
github.com/cotai/tenant-manager/internal/domain/tenant.go:233.2,240.23 6 1
github.com/cotai/tenant-manager/internal/domain/tenant.go:240.23,242.3 1 0
github.com/cotai/tenant-manager/internal/domain/tenant.go:243.2,246.12 3 1
github.com/cotai/tenant-manager/internal/domain/tenant.go:252.38,254.2 1 0
github.com/cotai/tenant-manager/internal/domain/tenant.go:257.34,259.2 1 0
github.com/cotai/tenant-manager/internal/domain/tenant.go:262.37,264.2 1 0
github.com/cotai/tenant-manager/internal/domain/tenant.go:267.35,269.2 1 0
github.com/cotai/tenant-manager/internal/domain/tenant.go:273.44,274.14 1 6
github.com/cotai/tenant-manager/internal/domain/tenant.go:275.16,276.11 1 0
github.com/cotai/tenant-manager/internal/domain/tenant.go:277.17,278.12 1 1
github.com/cotai/tenant-manager/internal/domain/tenant.go:279.24,280.13 1 5
github.com/cotai/tenant-manager/internal/domain/tenant.go:281.22,282.14 1 0
github.com/cotai/tenant-manager/internal/domain/tenant.go:283.10,284.11 1 0
github.com/cotai/tenant-manager/internal/domain/tenant.go:288.46,289.14 1 6
github.com/cotai/tenant-manager/internal/domain/tenant.go:290.16,291.11 1 0
github.com/cotai/tenant-manager/internal/domain/tenant.go:292.17,293.12 1 1
github.com/cotai/tenant-manager/internal/domain/tenant.go:294.24,295.13 1 5
github.com/cotai/tenant-manager/internal/domain/tenant.go:296.22,297.14 1 0
github.com/cotai/tenant-manager/internal/domain/tenant.go:298.10,299.11 1 0
github.com/cotai/tenant-manager/internal/domain/tenant.go:305.44,306.20 1 9
github.com/cotai/tenant-manager/internal/domain/tenant.go:306.20,308.3 1 1
github.com/cotai/tenant-manager/internal/domain/tenant.go:310.2,310.21 1 8
github.com/cotai/tenant-manager/internal/domain/tenant.go:310.21,312.3 1 0
github.com/cotai/tenant-manager/internal/domain/tenant.go:314.2,314.12 1 8
github.com/cotai/tenant-manager/internal/domain/tenant.go:317.44,318.20 1 8
github.com/cotai/tenant-manager/internal/domain/tenant.go:318.20,320.3 1 1
github.com/cotai/tenant-manager/internal/domain/tenant.go:322.2,322.21 1 7
github.com/cotai/tenant-manager/internal/domain/tenant.go:322.21,324.3 1 0
github.com/cotai/tenant-manager/internal/domain/tenant.go:327.2,327.26 1 7
github.com/cotai/tenant-manager/internal/domain/tenant.go:327.26,328.75 1 73
github.com/cotai/tenant-manager/internal/domain/tenant.go:328.75,330.4 1 1
github.com/cotai/tenant-manager/internal/domain/tenant.go:333.2,333.12 1 6
github.com/cotai/tenant-manager/internal/domain/tenant.go:336.40,337.21 1 6
github.com/cotai/tenant-manager/internal/domain/tenant.go:337.21,339.3 1 0
github.com/cotai/tenant-manager/internal/domain/tenant.go:341.2,341.22 1 6
github.com/cotai/tenant-manager/internal/domain/tenant.go:341.22,343.3 1 0
github.com/cotai/tenant-manager/internal/domain/tenant.go:346.2,346.35 1 6
github.com/cotai/tenant-manager/internal/domain/tenant.go:346.35,348.3 1 1
github.com/cotai/tenant-manager/internal/domain/tenant.go:350.2,350.12 1 5
